Build started 06/03/2019 9:49:08.
     1>Project "F:\windows\VJ\www\www\www.vcxproj" on node 2 (Build target(s)).
     1>Link:
         C:\Archivos de programa\Microsoft Visual Studio 2013 Professional\VC\bin\link.exe /ERRORREPORT:PROMPT /OUT:"F:\windows\VJ\www\Debug\www.exe" /INCREMENTAL /NOLOGO /LIBPATH:"..\..\libs\Simple OpenGL Image Library\projects\VC9\Debug" /LIBPATH:..\..\libs\freeglut\lib /LIBPATH:"..\..\libs\glew-1.13.0\lib\Release\Win32" SOIL.lib glew32.lib kernel32.lib user32.lib gdi32.lib winspool.lib comdlg32.lib advapi32.lib shell32.lib ole32.lib oleaut32.lib uuid.lib odbc32.lib odbccp32.lib /MANIFEST /MANIFESTUAC:"level='asInvoker' uiAccess='false'" /manifest:embed /DEBUG /PDB:"F:\windows\VJ\www\Debug\www.pdb" /SUBSYSTEM:CONSOLE /TLBID:1 /DYNAMICBASE /NXCOMPAT /IMPLIB:"F:\windows\VJ\www\Debug\www.lib" /MACHINE:X86 Debug\Game.obj
         Debug\main.obj
         Debug\Player.obj
         Debug\Scene.obj
         Debug\Shader.obj
         Debug\ShaderProgram.obj
         Debug\Sprite.obj
         Debug\Texture.obj
         Debug\TileMap.obj
         LINK : F:\windows\VJ\www\Debug\www.exe not found or not built by the last incremental link; performing full link
     1>SOIL.lib(image_DXT.obj) : warning LNK4099: PDB 'vc100.pdb' was not found with 'SOIL.lib(image_DXT.obj)' or at 'F:\windows\VJ\www\Debug\vc100.pdb'; linking object as if no debug info
     1>SOIL.lib(image_helper.obj) : warning LNK4099: PDB 'vc100.pdb' was not found with 'SOIL.lib(image_helper.obj)' or at 'F:\windows\VJ\www\Debug\vc100.pdb'; linking object as if no debug info
     1>SOIL.lib(SOIL.obj) : warning LNK4099: PDB 'vc100.pdb' was not found with 'SOIL.lib(SOIL.obj)' or at 'F:\windows\VJ\www\Debug\vc100.pdb'; linking object as if no debug info
     1>SOIL.lib(stb_image_aug.obj) : warning LNK4099: PDB 'vc100.pdb' was not found with 'SOIL.lib(stb_image_aug.obj)' or at 'F:\windows\VJ\www\Debug\vc100.pdb'; linking object as if no debug info
         www.vcxproj -> F:\windows\VJ\www\Debug\www.exe
     1>Done Building Project "F:\windows\VJ\www\www\www.vcxproj" (Build target(s)).

Build succeeded.

Time Elapsed 00:00:01.09
